<?xml version="1.0" encoding="UTF-8"?>
<testng-results skipped="0" failed="0" ignored="0" total="1" passed="1">
  <reporter-output>
  </reporter-output>
  <suite name="Default suite" duration-ms="46558" started-at="2022-12-28T11:43:31Z" finished-at="2022-12-28T11:44:18Z">
    <groups>
    </groups>
    <test name="Default test" duration-ms="46558" started-at="2022-12-28T11:43:31Z" finished-at="2022-12-28T11:44:18Z">
      <class name="project.testex1.AppTest">
        <test-method status="PASS" signature="one()[pri:0, instance:project.testex1.AppTest@39fb3ab6]" name="one" duration-ms="46541" started-at="2022-12-28T17:13:31Z" finished-at="2022-12-28T17:14:18Z">
          <reporter-output>
          </reporter-output>
        </test-method> <!-- one -->
      </class> <!-- project.testex1.AppTest -->
    </test> <!-- Default test -->
  </suite> <!-- Default suite -->
</testng-results>
